[INFO] [2020-04-14 15:44:09][org.springframework.context.support.ClassPathXmlApplicationContext]Refreshing org.springframework.context.support.ClassPathXmlApplicationContext@47f37ef1: startup date [Tue Apr 14 15:44:09 SGT 2020]; root of context hierarchy
[INFO] [2020-04-14 15:44:09][org.springframework.beans.factory.xml.XmlBeanDefinitionReader]Loading XML bean definitions from file [E:\study\spring-resource\target\classes\spring\spring-dao.xml]
[INFO] [2020-04-14 15:44:10][org.springframework.beans.factory.xml.XmlBeanDefinitionReader]Loading XML bean definitions from file [E:\study\spring-resource\target\classes\spring\spring-service.xml]
[INFO] [2020-04-14 15:44:10][org.springframework.beans.factory.xml.XmlBeanDefinitionReader]Loading XML bean definitions from file [E:\study\spring-resource\target\classes\spring\spring-web.xml]
[INFO] [2020-04-14 15:44:11][com.alibaba.druid.pool.DruidDataSource]{dataSource-1} inited
[INFO] [2020-04-14 15:44:11][org.springframework.web.servlet.mvc.method.annotation.RequestMappingHandlerMapping]Mapped "{[/user/{id}],methods=[GET]}" onto public java.lang.String com.wpc.controller.UserController.getUserById(java.lang.Long)
[INFO] [2020-04-14 15:44:11][org.springframework.web.servlet.mvc.method.annotation.RequestMappingHandlerAdapter]Looking for @ControllerAdvice: org.springframework.context.support.ClassPathXmlApplicationContext@47f37ef1: startup date [Tue Apr 14 15:44:09 SGT 2020]; root of context hierarchy
[INFO] [2020-04-14 15:44:11][org.springframework.web.servlet.mvc.method.annotation.RequestMappingHandlerAdapter]Looking for @ControllerAdvice: org.springframework.context.support.ClassPathXmlApplicationContext@47f37ef1: startup date [Tue Apr 14 15:44:09 SGT 2020]; root of context hierarchy
[INFO] [2020-04-14 15:44:11][org.springframework.web.servlet.handler.SimpleUrlHandlerMapping]Mapped URL path [/**] onto handler 'org.springframework.web.servlet.resource.DefaultServletHttpRequestHandler#0'
[INFO] [2020-04-14 15:44:12][org.springframework.context.support.ClassPathXmlApplicationContext]Closing org.springframework.context.support.ClassPathXmlApplicationContext@47f37ef1: startup date [Tue Apr 14 15:44:09 SGT 2020]; root of context hierarchy
[INFO] [2020-04-14 15:44:12][com.alibaba.druid.pool.DruidDataSource]{dataSource-1} closed
[INFO] [2020-04-14 15:44:55][org.springframework.context.support.ClassPathXmlApplicationContext]Refreshing org.springframework.context.support.ClassPathXmlApplicationContext@47f37ef1: startup date [Tue Apr 14 15:44:55 SGT 2020]; root of context hierarchy
[INFO] [2020-04-14 15:44:55][org.springframework.beans.factory.xml.XmlBeanDefinitionReader]Loading XML bean definitions from file [E:\study\spring-resource\target\classes\spring\spring-dao.xml]
[INFO] [2020-04-14 15:44:55][org.springframework.beans.factory.xml.XmlBeanDefinitionReader]Loading XML bean definitions from file [E:\study\spring-resource\target\classes\spring\spring-service.xml]
[INFO] [2020-04-14 15:44:55][org.springframework.beans.factory.xml.XmlBeanDefinitionReader]Loading XML bean definitions from file [E:\study\spring-resource\target\classes\spring\spring-web.xml]
[INFO] [2020-04-14 15:44:57][com.alibaba.druid.pool.DruidDataSource]{dataSource-1} inited
[INFO] [2020-04-14 15:44:57][org.springframework.web.servlet.mvc.method.annotation.RequestMappingHandlerMapping]Mapped "{[/user/{id}],methods=[GET]}" onto public java.lang.String com.wpc.controller.UserController.getUserById(java.lang.Long)
[INFO] [2020-04-14 15:44:57][org.springframework.web.servlet.mvc.method.annotation.RequestMappingHandlerAdapter]Looking for @ControllerAdvice: org.springframework.context.support.ClassPathXmlApplicationContext@47f37ef1: startup date [Tue Apr 14 15:44:55 SGT 2020]; root of context hierarchy
[INFO] [2020-04-14 15:44:57][org.springframework.web.servlet.mvc.method.annotation.RequestMappingHandlerAdapter]Looking for @ControllerAdvice: org.springframework.context.support.ClassPathXmlApplicationContext@47f37ef1: startup date [Tue Apr 14 15:44:55 SGT 2020]; root of context hierarchy
[INFO] [2020-04-14 15:44:57][org.springframework.web.servlet.handler.SimpleUrlHandlerMapping]Mapped URL path [/**] onto handler 'org.springframework.web.servlet.resource.DefaultServletHttpRequestHandler#0'
[INFO] [2020-04-14 15:45:16][org.springframework.context.support.ClassPathXmlApplicationContext]Refreshing org.springframework.context.support.ClassPathXmlApplicationContext@47f37ef1: startup date [Tue Apr 14 15:45:16 SGT 2020]; root of context hierarchy
[INFO] [2020-04-14 15:45:17][org.springframework.beans.factory.xml.XmlBeanDefinitionReader]Loading XML bean definitions from file [E:\study\spring-resource\target\classes\spring\spring-dao.xml]
[INFO] [2020-04-14 15:45:17][org.springframework.beans.factory.xml.XmlBeanDefinitionReader]Loading XML bean definitions from file [E:\study\spring-resource\target\classes\spring\spring-service.xml]
[INFO] [2020-04-14 15:45:17][org.springframework.beans.factory.xml.XmlBeanDefinitionReader]Loading XML bean definitions from file [E:\study\spring-resource\target\classes\spring\spring-web.xml]
[INFO] [2020-04-14 15:45:19][com.alibaba.druid.pool.DruidDataSource]{dataSource-1} inited
[INFO] [2020-04-14 15:45:19][org.springframework.web.servlet.mvc.method.annotation.RequestMappingHandlerMapping]Mapped "{[/user/{id}],methods=[GET]}" onto public java.lang.String com.wpc.controller.UserController.getUserById(java.lang.Long)
[INFO] [2020-04-14 15:45:19][org.springframework.web.servlet.mvc.method.annotation.RequestMappingHandlerAdapter]Looking for @ControllerAdvice: org.springframework.context.support.ClassPathXmlApplicationContext@47f37ef1: startup date [Tue Apr 14 15:45:16 SGT 2020]; root of context hierarchy
[INFO] [2020-04-14 15:45:19][org.springframework.web.servlet.mvc.method.annotation.RequestMappingHandlerAdapter]Looking for @ControllerAdvice: org.springframework.context.support.ClassPathXmlApplicationContext@47f37ef1: startup date [Tue Apr 14 15:45:16 SGT 2020]; root of context hierarchy
[INFO] [2020-04-14 15:45:20][org.springframework.web.servlet.handler.SimpleUrlHandlerMapping]Mapped URL path [/**] onto handler 'org.springframework.web.servlet.resource.DefaultServletHttpRequestHandler#0'
[INFO] [2020-04-14 17:03:43][org.springframework.context.support.ClassPathXmlApplicationContext]Refreshing org.springframework.context.support.ClassPathXmlApplicationContext@11e21d0e: startup date [Tue Apr 14 17:03:43 SGT 2020]; root of context hierarchy
[INFO] [2020-04-14 17:03:43][org.springframework.beans.factory.xml.XmlBeanDefinitionReader]Loading XML bean definitions from file [E:\study\spring-resource\target\classes\spring\spring-dao.xml]
[INFO] [2020-04-14 17:03:43][org.springframework.beans.factory.xml.XmlBeanDefinitionReader]Loading XML bean definitions from file [E:\study\spring-resource\target\classes\spring\spring-service.xml]
[INFO] [2020-04-14 17:03:44][org.springframework.beans.factory.xml.XmlBeanDefinitionReader]Loading XML bean definitions from file [E:\study\spring-resource\target\classes\spring\spring-web.xml]
[INFO] [2020-04-14 17:03:45][com.alibaba.druid.pool.DruidDataSource]{dataSource-1} inited
[INFO] [2020-04-14 17:03:52][org.springframework.web.servlet.mvc.method.annotation.RequestMappingHandlerMapping]Mapped "{[/user/{id}],methods=[GET]}" onto public java.lang.String com.wpc.controller.UserController.getUserById(java.lang.Long)
[INFO] [2020-04-14 17:03:52][org.springframework.web.servlet.mvc.method.annotation.RequestMappingHandlerAdapter]Looking for @ControllerAdvice: org.springframework.context.support.ClassPathXmlApplicationContext@11e21d0e: startup date [Tue Apr 14 17:03:43 SGT 2020]; root of context hierarchy
[INFO] [2020-04-14 17:03:52][org.springframework.web.servlet.mvc.method.annotation.RequestMappingHandlerAdapter]Looking for @ControllerAdvice: org.springframework.context.support.ClassPathXmlApplicationContext@11e21d0e: startup date [Tue Apr 14 17:03:43 SGT 2020]; root of context hierarchy
[INFO] [2020-04-14 17:03:52][org.springframework.web.servlet.handler.SimpleUrlHandlerMapping]Mapped URL path [/**] onto handler 'org.springframework.web.servlet.resource.DefaultServletHttpRequestHandler#0'
[INFO] [2020-04-14 17:05:51][org.springframework.context.support.ClassPathXmlApplicationContext]Closing org.springframework.context.support.ClassPathXmlApplicationContext@11e21d0e: startup date [Tue Apr 14 17:03:43 SGT 2020]; root of context hierarchy
[INFO] [2020-04-14 17:05:51][com.alibaba.druid.pool.DruidDataSource]{dataSource-1} closed
[INFO] [2020-04-14 17:06:25][org.springframework.context.support.ClassPathXmlApplicationContext]Refreshing org.springframework.context.support.ClassPathXmlApplicationContext@11e21d0e: startup date [Tue Apr 14 17:06:25 SGT 2020]; root of context hierarchy
[INFO] [2020-04-14 17:06:26][org.springframework.beans.factory.xml.XmlBeanDefinitionReader]Loading XML bean definitions from file [E:\study\spring-resource\target\classes\spring\spring-dao.xml]
[INFO] [2020-04-14 17:06:26][org.springframework.beans.factory.xml.XmlBeanDefinitionReader]Loading XML bean definitions from file [E:\study\spring-resource\target\classes\spring\spring-service.xml]
[INFO] [2020-04-14 17:06:26][org.springframework.beans.factory.xml.XmlBeanDefinitionReader]Loading XML bean definitions from file [E:\study\spring-resource\target\classes\spring\spring-web.xml]
[INFO] [2020-04-14 17:06:27][com.alibaba.druid.pool.DruidDataSource]{dataSource-1} inited
[INFO] [2020-04-14 17:06:31][org.springframework.web.servlet.mvc.method.annotation.RequestMappingHandlerMapping]Mapped "{[/user/{id}],methods=[GET]}" onto public java.lang.String com.wpc.controller.UserController.getUserById(java.lang.Long)
[INFO] [2020-04-14 17:06:31][org.springframework.web.servlet.mvc.method.annotation.RequestMappingHandlerAdapter]Looking for @ControllerAdvice: org.springframework.context.support.ClassPathXmlApplicationContext@11e21d0e: startup date [Tue Apr 14 17:06:25 SGT 2020]; root of context hierarchy
[INFO] [2020-04-14 17:06:31][org.springframework.web.servlet.mvc.method.annotation.RequestMappingHandlerAdapter]Looking for @ControllerAdvice: org.springframework.context.support.ClassPathXmlApplicationContext@11e21d0e: startup date [Tue Apr 14 17:06:25 SGT 2020]; root of context hierarchy
[INFO] [2020-04-14 17:06:32][org.springframework.web.servlet.handler.SimpleUrlHandlerMapping]Mapped URL path [/**] onto handler 'org.springframework.web.servlet.resource.DefaultServletHttpRequestHandler#0'
[INFO] [2020-04-14 17:06:54][org.springframework.context.support.ClassPathXmlApplicationContext]Closing org.springframework.context.support.ClassPathXmlApplicationContext@11e21d0e: startup date [Tue Apr 14 17:06:25 SGT 2020]; root of context hierarchy
[INFO] [2020-04-14 17:06:54][com.alibaba.druid.pool.DruidDataSource]{dataSource-1} closed
